11:46:37 INFO  : Launching XSCT server: xsct.bat -n  -interactive C:\Users\Usuario\Desktop\CNN\HLS-CNN\Code\05-Vitis-HLS\temp_xsdb_launch_script.tcl
11:46:37 INFO  : Registering command handlers for Vitis TCF services
11:46:44 INFO  : XSCT server has started successfully.
11:46:44 INFO  : plnx-install-location is set to ''
11:46:44 INFO  : Successfully done setting XSCT server connection channel  
11:46:52 INFO  : Platform repository initialization has completed.
11:47:00 INFO  : Successfully done setting workspace for the tool. 
11:47:00 INFO  : Successfully done query RDI_DATADIR 
12:09:45 INFO  : Launching XSCT server: xsct.bat -n  -interactive C:\Users\Usuario\Desktop\CNN\HLS-CNN\Code\05-Vitis-HLS\temp_xsdb_launch_script.tcl
12:09:48 INFO  : XSCT server has started successfully.
12:09:48 INFO  : Successfully done setting XSCT server connection channel  
12:09:48 INFO  : plnx-install-location is set to ''
12:09:48 INFO  : Successfully done setting workspace for the tool. 
12:09:50 INFO  : Successfully done query RDI_DATADIR 
12:09:51 INFO  : Registering command handlers for Vitis TCF services
12:09:54 INFO  : Platform repository initialization has completed.
12:11:24 INFO  : Launching XSCT server: xsct.bat -n  -interactive C:\Users\Usuario\Desktop\CNN\HLS-CNN\Code\05-Vitis-HLS\temp_xsdb_launch_script.tcl
12:11:27 INFO  : XSCT server has started successfully.
12:11:27 INFO  : plnx-install-location is set to ''
12:11:27 INFO  : Successfully done setting XSCT server connection channel  
12:11:27 INFO  : Successfully done setting workspace for the tool. 
12:11:28 INFO  : Successfully done query RDI_DATADIR 
12:11:28 INFO  : Registering command handlers for Vitis TCF services
12:11:30 INFO  : Platform repository initialization has completed.
