

================================================================
== Vitis HLS Report for 'dataflow_section'
================================================================
* Date:           Sun Jan 17 13:42:02 2021

* Version:        2020.2 (Build 3064766 on Wed Nov 18 09:12:45 MST 2020)
* Project:        cnn_hls_pynq
* Solution:       solution1 (Vivado IP Flow Target)
* Product family: zynq
* Target device:  xc7z020-clg400-1


================================================================
== Performance Estimates
================================================================
+ Timing: 
    * Summary: 
    +--------+----------+----------+------------+
    |  Clock |  Target  | Estimated| Uncertainty|
    +--------+----------+----------+------------+
    |ap_clk  |  10.00 ns|  8.280 ns|     2.50 ns|
    +--------+----------+----------+------------+

+ Latency: 
    * Summary: 
    +---------+---------+----------+----------+-------+-------+---------+
    |  Latency (cycles) |  Latency (absolute) |    Interval   | Pipeline|
    |   min   |   max   |    min   |    max   |  min  |  max  |   Type  |
    +---------+---------+----------+----------+-------+-------+---------+
    |    43346|    43346|  0.433 ms|  0.433 ms|  43346|  43346|     none|
    +---------+---------+----------+----------+-------+-------+---------+

    + Detail: 
        * Instance: 
        +------------------------+-------------+---------+---------+-----------+-----------+-------+-------+---------+
        |                        |             |  Latency (cycles) |   Latency (absolute)  |    Interval   | Pipeline|
        |        Instance        |    Module   |   min   |   max   |    min    |    max    |  min  |  max  |   Type  |
        +------------------------+-------------+---------+---------+-----------+-----------+-------+-------+---------+
        |grp_convolution_fu_394  |convolution  |    19841|    19841|   0.198 ms|   0.198 ms|  19841|  19841|     none|
        |grp_convolution_fu_405  |convolution  |    19841|    19841|   0.198 ms|   0.198 ms|  19841|  19841|     none|
        |grp_convolution_fu_414  |convolution  |    19841|    19841|   0.198 ms|   0.198 ms|  19841|  19841|     none|
        |grp_dense_fu_423        |dense        |     1996|     1996|  19.960 us|  19.960 us|   1996|   1996|     none|
        |grp_dense_fu_451        |dense        |     1996|     1996|  19.960 us|  19.960 us|   1996|   1996|     none|
        |grp_dense_fu_479        |dense        |     1996|     1996|  19.960 us|  19.960 us|   1996|   1996|     none|
        |grp_dense_fu_507        |dense        |     1996|     1996|  19.960 us|  19.960 us|   1996|   1996|     none|
        |grp_max_pooling_fu_535  |max_pooling  |      793|      793|   7.930 us|   7.930 us|    793|    793|     none|
        |grp_max_pooling_fu_541  |max_pooling  |      793|      793|   7.930 us|   7.930 us|    793|    793|     none|
        |grp_max_pooling_fu_547  |max_pooling  |      793|      793|   7.930 us|   7.930 us|    793|    793|     none|
        +------------------------+-------------+---------+---------+-----------+-----------+-------+-------+---------+

        * Loop: 
        +---------------------------------+---------+---------+----------+-----------+-----------+------+----------+
        |                                 |  Latency (cycles) | Iteration|  Initiation Interval  | Trip |          |
        |            Loop Name            |   min   |   max   |  Latency |  achieved |   target  | Count| Pipelined|
        +---------------------------------+---------+---------+----------+-----------+-----------+------+----------+
        |- flat_for_rows_flat_for_cols    |      196|      196|         2|          1|          1|   196|       yes|
        |- flat_for_rows_flat_for_cols    |      196|      196|         2|          1|          1|   196|       yes|
        |- flat_for_rows_flat_for_cols    |      196|      196|         2|          1|          1|   196|       yes|
        |- flat_for_rows_flat_for_cols    |      196|      196|         2|          1|          1|   196|       yes|
        |- dense_soft_max_for_dense_size  |       46|       46|        38|          1|          1|    10|       yes|
        |- dense_soft_max_for_digits      |       27|       27|        19|          1|          1|    10|       yes|
        +---------------------------------+---------+---------+----------+-----------+-----------+------+----------+



================================================================
== Utilization Estimates
================================================================
* Summary: 
+-----------------+---------+-----+--------+-------+-----+
|       Name      | BRAM_18K| DSP |   FF   |  LUT  | URAM|
+-----------------+---------+-----+--------+-------+-----+
|DSP              |        -|    -|       -|      -|    -|
|Expression       |        -|    -|       0|    207|    -|
|FIFO             |       24|    -|    2360|   1368|    -|
|Instance         |       80|   65|   30871|  28496|    -|
|Memory           |        0|    -|      32|      5|    -|
|Multiplexer      |        -|    -|       -|    586|    -|
|Register         |        -|    -|    1081|    256|    -|
+-----------------+---------+-----+--------+-------+-----+
|Total            |      104|   65|   34344|  30918|    0|
+-----------------+---------+-----+--------+-------+-----+
|Available        |      280|  220|  106400|  53200|    0|
+-----------------+---------+-----+--------+-------+-----+
|Utilization (%)  |       37|   29|      32|     58|    0|
+-----------------+---------+-----+--------+-------+-----+

+ Detail: 
    * Instance: 
    +--------------------------------------+----------------------------------+---------+----+------+------+-----+
    |               Instance               |              Module              | BRAM_18K| DSP|  FF  |  LUT | URAM|
    +--------------------------------------+----------------------------------+---------+----+------+------+-----+
    |grp_convolution_fu_394                |convolution                       |        0|  10|  7611|  6155|    0|
    |grp_convolution_fu_405                |convolution                       |        0|  10|  7611|  6155|    0|
    |grp_convolution_fu_414                |convolution                       |        0|  10|  7611|  6155|    0|
    |grp_dense_fu_423                      |dense                             |       20|   5|  1336|  1303|    0|
    |grp_dense_fu_451                      |dense                             |       20|   5|  1336|  1303|    0|
    |grp_dense_fu_479                      |dense                             |       20|   5|  1336|  1303|    0|
    |grp_dense_fu_507                      |dense                             |       20|   5|  1336|  1303|    0|
    |facc_32ns_32ns_1ns_32_6_no_dsp_1_U90  |facc_32ns_32ns_1ns_32_6_no_dsp_1  |        0|   0|   312|   721|    0|
    |fadd_32ns_32ns_32_5_full_dsp_1_U84    |fadd_32ns_32ns_32_5_full_dsp_1    |        0|   2|   205|   390|    0|
    |fadd_32ns_32ns_32_5_full_dsp_1_U85    |fadd_32ns_32ns_32_5_full_dsp_1    |        0|   2|   205|   390|    0|
    |fadd_32ns_32ns_32_5_full_dsp_1_U86    |fadd_32ns_32ns_32_5_full_dsp_1    |        0|   2|   205|   390|    0|
    |fadd_32ns_32ns_32_5_full_dsp_1_U87    |fadd_32ns_32ns_32_5_full_dsp_1    |        0|   2|   205|   390|    0|
    |fexp_32ns_32ns_32_10_full_dsp_1_U89   |fexp_32ns_32ns_32_10_full_dsp_1   |        0|   7|   317|   918|    0|
    |grp_max_pooling_fu_535                |max_pooling                       |        0|   0|   415|   540|    0|
    |grp_max_pooling_fu_541                |max_pooling                       |        0|   0|   415|   540|    0|
    |grp_max_pooling_fu_547                |max_pooling                       |        0|   0|   415|   540|    0|
    +--------------------------------------+----------------------------------+---------+----+------+------+-----+
    |Total                                 |                                  |       80|  65| 30871| 28496|    0|
    +--------------------------------------+----------------------------------+---------+----+------+------+-----+

    * DSP: 
    N/A

    * Memory: 
    +----------------+-------------------------------+---------+----+----+-----+------+-----+------+-------------+
    |     Memory     |             Module            | BRAM_18K| FF | LUT| URAM| Words| Bits| Banks| W*Bits*Banks|
    +----------------+-------------------------------+---------+----+----+-----+------+-----+------+-------------+
    |dense_biases_U  |dataflow_section_dense_biases  |        0|  32|   5|    0|    10|   32|     1|          320|
    +----------------+-------------------------------+---------+----+----+-----+------+-----+------+-------------+
    |Total           |                               |        0|  32|   5|    0|    10|   32|     1|          320|
    +----------------+-------------------------------+---------+----+----+-----+------+-----+------+-------------+

    * FIFO: 
    +-------------------------------------+---------+-----+----+-----+------+-----+---------+
    |                 Name                | BRAM_18K|  FF | LUT| URAM| Depth| Bits| Size:D*B|
    +-------------------------------------+---------+-----+----+-----+------+-----+---------+
    |conv_to_pool_streams_0_V_fifo_U      |        2|  165|   0|    -|   784|   32|    25088|
    |conv_to_pool_streams_1_V_fifo_U      |        2|  165|   0|    -|   784|   32|    25088|
    |conv_to_pool_streams_2_V_fifo_U      |        2|  165|   0|    -|   784|   32|    25088|
    |conv_to_pool_streams_3_V_fifo_U      |        2|  165|   0|    -|   784|   32|    25088|
    |dense_to_softmax_streams_0_V_fifo_U  |        0|   99|   0|    -|    10|   32|      320|
    |dense_to_softmax_streams_1_V_fifo_U  |        0|   99|   0|    -|    10|   32|      320|
    |dense_to_softmax_streams_2_V_fifo_U  |        0|   99|   0|    -|    10|   32|      320|
    |dense_to_softmax_streams_3_V_fifo_U  |        0|   99|   0|    -|    10|   32|      320|
    |flat_to_dense_streams_0_V_fifo_U     |        2|  163|   0|    -|   196|   32|     6272|
    |flat_to_dense_streams_1_V_fifo_U     |        2|  163|   0|    -|   196|   32|     6272|
    |flat_to_dense_streams_2_V_fifo_U     |        2|  163|   0|    -|   196|   32|     6272|
    |flat_to_dense_streams_3_V_fifo_U     |        2|  163|   0|    -|   196|   32|     6272|
    |pool_to_flat_streams_0_V_fifo_U      |        2|  163|   0|    -|   196|   32|     6272|
    |pool_to_flat_streams_1_V_fifo_U      |        2|  163|   0|    -|   196|   32|     6272|
    |pool_to_flat_streams_2_V_fifo_U      |        2|  163|   0|    -|   196|   32|     6272|
    |pool_to_flat_streams_3_V_fifo_U      |        2|  163|   0|    -|   196|   32|     6272|
    +-------------------------------------+---------+-----+----+-----+------+-----+---------+
    |Total                                |       24| 2360|   0|    0|  4744|  512|   151808|
    +-------------------------------------+---------+-----+----+-----+------+-----+---------+

    * Expression: 
    +-----------------------------------+----------+----+---+----+------------+------------+
    |           Variable Name           | Operation| DSP| FF| LUT| Bitwidth P0| Bitwidth P1|
    +-----------------------------------+----------+----+---+----+------------+------------+
    |add_ln11_1_fu_591_p2               |         +|   0|  0|  15|           8|           1|
    |add_ln11_2_fu_603_p2               |         +|   0|  0|  15|           8|           1|
    |add_ln11_3_fu_615_p2               |         +|   0|  0|  15|           8|           1|
    |add_ln11_fu_579_p2                 |         +|   0|  0|  15|           8|           1|
    |add_ln17_fu_627_p2                 |         +|   0|  0|  13|           4|           1|
    |add_ln31_fu_655_p2                 |         +|   0|  0|  13|           4|           1|
    |ap_block_pp0_stage0_01001          |       and|   0|  0|   2|           1|           1|
    |ap_block_pp1_stage0_01001          |       and|   0|  0|   2|           1|           1|
    |ap_block_pp2_stage0_01001          |       and|   0|  0|   2|           1|           1|
    |ap_block_pp3_stage0_01001          |       and|   0|  0|   2|           1|           1|
    |ap_block_pp4_stage0_11001          |       and|   0|  0|   2|           1|           1|
    |icmp_ln11_1_fu_597_p2              |      icmp|   0|  0|  11|           8|           7|
    |icmp_ln11_2_fu_609_p2              |      icmp|   0|  0|  11|           8|           7|
    |icmp_ln11_3_fu_621_p2              |      icmp|   0|  0|  11|           8|           7|
    |icmp_ln11_fu_585_p2                |      icmp|   0|  0|  11|           8|           7|
    |icmp_ln17_fu_633_p2                |      icmp|   0|  0|   9|           4|           4|
    |icmp_ln27_fu_644_p2                |      icmp|   0|  0|   9|           4|           4|
    |icmp_ln31_fu_661_p2                |      icmp|   0|  0|   9|           4|           4|
    |ap_block_state11_pp1_stage0_iter1  |        or|   0|  0|   2|           1|           1|
    |ap_block_state14_pp2_stage0_iter1  |        or|   0|  0|   2|           1|           1|
    |ap_block_state17_pp3_stage0_iter1  |        or|   0|  0|   2|           1|           1|
    |ap_block_state19_on_subcall_done   |        or|   0|  0|   2|           1|           1|
    |ap_block_state21_pp4_stage0_iter1  |        or|   0|  0|   2|           1|           1|
    |ap_block_state4_on_subcall_done    |        or|   0|  0|   2|           1|           1|
    |ap_block_state6_on_subcall_done    |        or|   0|  0|   2|           1|           1|
    |ap_block_state8_pp0_stage0_iter1   |        or|   0|  0|   2|           1|           1|
    |ap_enable_pp0                      |       xor|   0|  0|   2|           1|           2|
    |ap_enable_pp1                      |       xor|   0|  0|   2|           1|           2|
    |ap_enable_pp2                      |       xor|   0|  0|   2|           1|           2|
    |ap_enable_pp3                      |       xor|   0|  0|   2|           1|           2|
    |ap_enable_pp4                      |       xor|   0|  0|   2|           1|           2|
    |ap_enable_pp5                      |       xor|   0|  0|   2|           1|           2|
    |ap_enable_reg_pp0_iter1            |       xor|   0|  0|   2|           2|           1|
    |ap_enable_reg_pp1_iter1            |       xor|   0|  0|   2|           2|           1|
    |ap_enable_reg_pp2_iter1            |       xor|   0|  0|   2|           2|           1|
    |ap_enable_reg_pp3_iter1            |       xor|   0|  0|   2|           2|           1|
    |ap_enable_reg_pp4_iter1            |       xor|   0|  0|   2|           2|           1|
    |ap_enable_reg_pp5_iter1            |       xor|   0|  0|   2|           2|           1|
    +-----------------------------------+----------+----+---+----+------------+------------+
    |Total                              |          |   0|  0| 207|         115|          77|
    +-----------------------------------+----------+----+---+----+------------+------------+

    * Multiplexer: 
    +------------------------------------------------------+-----+-----------+-----+-----------+
    |                         Name                         | LUT | Input Size| Bits| Total Bits|
    +------------------------------------------------------+-----+-----------+-----+-----------+
    |ap_NS_fsm                                             |  100|         20|    1|         20|
    |ap_enable_reg_pp0_iter1                               |   14|          3|    1|          3|
    |ap_enable_reg_pp1_iter1                               |   14|          3|    1|          3|
    |ap_enable_reg_pp2_iter1                               |   14|          3|    1|          3|
    |ap_enable_reg_pp3_iter1                               |   14|          3|    1|          3|
    |ap_enable_reg_pp4_iter1                               |    9|          2|    1|          2|
    |ap_enable_reg_pp4_iter37                              |    9|          2|    1|          2|
    |ap_enable_reg_pp5_iter1                               |    9|          2|    1|          2|
    |ap_enable_reg_pp5_iter18                              |    9|          2|    1|          2|
    |ap_phi_mux_d_phi_fu_364_p4                            |    9|          2|    4|          8|
    |conv_to_pool_streams_0_V_read                         |    9|          2|    1|          2|
    |conv_to_pool_streams_0_V_write                        |    9|          2|    1|          2|
    |conv_to_pool_streams_1_V_read                         |    9|          2|    1|          2|
    |conv_to_pool_streams_1_V_write                        |    9|          2|    1|          2|
    |conv_to_pool_streams_2_V_read                         |    9|          2|    1|          2|
    |conv_to_pool_streams_2_V_write                        |    9|          2|    1|          2|
    |conv_to_pool_streams_3_V_read                         |    9|          2|    1|          2|
    |conv_to_pool_streams_3_V_write                        |    9|          2|    1|          2|
    |d_reg_360                                             |    9|          2|    4|          8|
    |dense_to_softmax_streams_0_V_write                    |    9|          2|    1|          2|
    |dense_to_softmax_streams_1_V_write                    |    9|          2|    1|          2|
    |dense_to_softmax_streams_2_V_write                    |    9|          2|    1|          2|
    |dense_to_softmax_streams_3_V_write                    |    9|          2|    1|          2|
    |exp_sum_reg_371                                       |    9|          2|   32|         64|
    |flat_to_dense_streams_0_V_read                        |    9|          2|    1|          2|
    |flat_to_dense_streams_1_V_read                        |    9|          2|    1|          2|
    |flat_to_dense_streams_2_V_read                        |    9|          2|    1|          2|
    |flat_to_dense_streams_3_V_read                        |    9|          2|    1|          2|
    |grp_convolution_fu_394_conv_to_pool_stream_V_full_n   |    9|          2|    1|          2|
    |grp_convolution_fu_394_filter                         |   14|          3|    2|          6|
    |grp_convolution_fu_394_pad_img_q0                     |   14|          3|   32|         96|
    |grp_convolution_fu_394_pad_img_q1                     |   14|          3|   32|         96|
    |grp_max_pooling_fu_535_conv_to_pool_stream_V_dout     |    9|          2|   32|         64|
    |grp_max_pooling_fu_535_conv_to_pool_stream_V_empty_n  |    9|          2|    1|          2|
    |grp_max_pooling_fu_535_pool_to_flat_stream_V_full_n   |    9|          2|    1|          2|
    |indvar_flatten15_reg_338                              |    9|          2|    8|         16|
    |indvar_flatten23_reg_349                              |    9|          2|    8|         16|
    |indvar_flatten7_reg_327                               |    9|          2|    8|         16|
    |indvar_flatten_reg_316                                |    9|          2|    8|         16|
    |p_reg_383                                             |    9|          2|    4|          8|
    |pad_img0_ce0                                          |    9|          2|    1|          2|
    |pad_img0_ce1                                          |    9|          2|    1|          2|
    |pad_img1_ce0                                          |    9|          2|    1|          2|
    |pad_img1_ce1                                          |    9|          2|    1|          2|
    |pool_to_flat_streams_0_V_write                        |    9|          2|    1|          2|
    |pool_to_flat_streams_1_V_write                        |    9|          2|    1|          2|
    |pool_to_flat_streams_2_V_write                        |    9|          2|    1|          2|
    |pool_to_flat_streams_3_V_write                        |    9|          2|    1|          2|
    |prediction_address0                                   |   14|          3|    4|         12|
    |prediction_d0                                         |   14|          3|   32|         96|
    +------------------------------------------------------+-----+-----------+-----+-----------+
    |Total                                                 |  586|        127|  246|        616|
    +------------------------------------------------------+-----+-----------+-----+-----------+

    * Register: 
    +-------------------------------------------+----+----+-----+-----------+
    |                    Name                   | FF | LUT| Bits| Const Bits|
    +-------------------------------------------+----+----+-----+-----------+
    |add_ln17_reg_804                           |   4|   0|    4|          0|
    |ap_CS_fsm                                  |  19|   0|   19|          0|
    |ap_enable_reg_pp0_iter0                    |   1|   0|    1|          0|
    |ap_enable_reg_pp0_iter1                    |   1|   0|    1|          0|
    |ap_enable_reg_pp1_iter0                    |   1|   0|    1|          0|
    |ap_enable_reg_pp1_iter1                    |   1|   0|    1|          0|
    |ap_enable_reg_pp2_iter0                    |   1|   0|    1|          0|
    |ap_enable_reg_pp2_iter1                    |   1|   0|    1|          0|
    |ap_enable_reg_pp3_iter0                    |   1|   0|    1|          0|
    |ap_enable_reg_pp3_iter1                    |   1|   0|    1|          0|
    |ap_enable_reg_pp4_iter0                    |   1|   0|    1|          0|
    |ap_enable_reg_pp4_iter1                    |   1|   0|    1|          0|
    |ap_enable_reg_pp4_iter10                   |   1|   0|    1|          0|
    |ap_enable_reg_pp4_iter11                   |   1|   0|    1|          0|
    |ap_enable_reg_pp4_iter12                   |   1|   0|    1|          0|
    |ap_enable_reg_pp4_iter13                   |   1|   0|    1|          0|
    |ap_enable_reg_pp4_iter14                   |   1|   0|    1|          0|
    |ap_enable_reg_pp4_iter15                   |   1|   0|    1|          0|
    |ap_enable_reg_pp4_iter16                   |   1|   0|    1|          0|
    |ap_enable_reg_pp4_iter17                   |   1|   0|    1|          0|
    |ap_enable_reg_pp4_iter18                   |   1|   0|    1|          0|
    |ap_enable_reg_pp4_iter19                   |   1|   0|    1|          0|
    |ap_enable_reg_pp4_iter2                    |   1|   0|    1|          0|
    |ap_enable_reg_pp4_iter20                   |   1|   0|    1|          0|
    |ap_enable_reg_pp4_iter21                   |   1|   0|    1|          0|
    |ap_enable_reg_pp4_iter22                   |   1|   0|    1|          0|
    |ap_enable_reg_pp4_iter23                   |   1|   0|    1|          0|
    |ap_enable_reg_pp4_iter24                   |   1|   0|    1|          0|
    |ap_enable_reg_pp4_iter25                   |   1|   0|    1|          0|
    |ap_enable_reg_pp4_iter26                   |   1|   0|    1|          0|
    |ap_enable_reg_pp4_iter27                   |   1|   0|    1|          0|
    |ap_enable_reg_pp4_iter28                   |   1|   0|    1|          0|
    |ap_enable_reg_pp4_iter29                   |   1|   0|    1|          0|
    |ap_enable_reg_pp4_iter3                    |   1|   0|    1|          0|
    |ap_enable_reg_pp4_iter30                   |   1|   0|    1|          0|
    |ap_enable_reg_pp4_iter31                   |   1|   0|    1|          0|
    |ap_enable_reg_pp4_iter32                   |   1|   0|    1|          0|
    |ap_enable_reg_pp4_iter33                   |   1|   0|    1|          0|
    |ap_enable_reg_pp4_iter34                   |   1|   0|    1|          0|
    |ap_enable_reg_pp4_iter35                   |   1|   0|    1|          0|
    |ap_enable_reg_pp4_iter36                   |   1|   0|    1|          0|
    |ap_enable_reg_pp4_iter37                   |   1|   0|    1|          0|
    |ap_enable_reg_pp4_iter4                    |   1|   0|    1|          0|
    |ap_enable_reg_pp4_iter5                    |   1|   0|    1|          0|
    |ap_enable_reg_pp4_iter6                    |   1|   0|    1|          0|
    |ap_enable_reg_pp4_iter7                    |   1|   0|    1|          0|
    |ap_enable_reg_pp4_iter8                    |   1|   0|    1|          0|
    |ap_enable_reg_pp4_iter9                    |   1|   0|    1|          0|
    |ap_enable_reg_pp5_iter0                    |   1|   0|    1|          0|
    |ap_enable_reg_pp5_iter1                    |   1|   0|    1|          0|
    |ap_enable_reg_pp5_iter10                   |   1|   0|    1|          0|
    |ap_enable_reg_pp5_iter11                   |   1|   0|    1|          0|
    |ap_enable_reg_pp5_iter12                   |   1|   0|    1|          0|
    |ap_enable_reg_pp5_iter13                   |   1|   0|    1|          0|
    |ap_enable_reg_pp5_iter14                   |   1|   0|    1|          0|
    |ap_enable_reg_pp5_iter15                   |   1|   0|    1|          0|
    |ap_enable_reg_pp5_iter16                   |   1|   0|    1|          0|
    |ap_enable_reg_pp5_iter17                   |   1|   0|    1|          0|
    |ap_enable_reg_pp5_iter18                   |   1|   0|    1|          0|
    |ap_enable_reg_pp5_iter2                    |   1|   0|    1|          0|
    |ap_enable_reg_pp5_iter3                    |   1|   0|    1|          0|
    |ap_enable_reg_pp5_iter4                    |   1|   0|    1|          0|
    |ap_enable_reg_pp5_iter5                    |   1|   0|    1|          0|
    |ap_enable_reg_pp5_iter6                    |   1|   0|    1|          0|
    |ap_enable_reg_pp5_iter7                    |   1|   0|    1|          0|
    |ap_enable_reg_pp5_iter8                    |   1|   0|    1|          0|
    |ap_enable_reg_pp5_iter9                    |   1|   0|    1|          0|
    |d_cast_reg_814                             |   4|   0|   64|         60|
    |d_reg_360                                  |   4|   0|    4|          0|
    |dense_to_softmax_streams_0_V_read_reg_829  |  32|   0|   32|          0|
    |dense_to_softmax_streams_1_V_read_reg_834  |  32|   0|   32|          0|
    |dense_to_softmax_streams_2_V_read_reg_839  |  32|   0|   32|          0|
    |dense_to_softmax_streams_3_V_read_reg_844  |  32|   0|   32|          0|
    |div_i_reg_905                              |  32|   0|   32|          0|
    |exp_sum_reg_371                            |  32|   0|   32|          0|
    |grp_convolution_fu_394_ap_start_reg        |   1|   0|    1|          0|
    |grp_convolution_fu_405_ap_start_reg        |   1|   0|    1|          0|
    |grp_convolution_fu_414_ap_start_reg        |   1|   0|    1|          0|
    |grp_dense_fu_423_ap_start_reg              |   1|   0|    1|          0|
    |grp_dense_fu_451_ap_start_reg              |   1|   0|    1|          0|
    |grp_dense_fu_479_ap_start_reg              |   1|   0|    1|          0|
    |grp_dense_fu_507_ap_start_reg              |   1|   0|    1|          0|
    |grp_max_pooling_fu_535_ap_start_reg        |   1|   0|    1|          0|
    |grp_max_pooling_fu_541_ap_start_reg        |   1|   0|    1|          0|
    |grp_max_pooling_fu_547_ap_start_reg        |   1|   0|    1|          0|
    |icmp_ln11_1_reg_782                        |   1|   0|    1|          0|
    |icmp_ln11_2_reg_791                        |   1|   0|    1|          0|
    |icmp_ln11_3_reg_800                        |   1|   0|    1|          0|
    |icmp_ln11_reg_773                          |   1|   0|    1|          0|
    |icmp_ln17_reg_810                          |   1|   0|    1|          0|
    |icmp_ln27_reg_849                          |   1|   0|    1|          0|
    |icmp_ln31_reg_890                          |   1|   0|    1|          0|
    |indvar_flatten15_reg_338                   |   8|   0|    8|          0|
    |indvar_flatten23_reg_349                   |   8|   0|    8|          0|
    |indvar_flatten7_reg_327                    |   8|   0|    8|          0|
    |indvar_flatten_reg_316                     |   8|   0|    8|          0|
    |p_reg_383                                  |   4|   0|    4|          0|
    |prediction_addr_1_reg_894                  |   4|   0|    4|          0|
    |prediction_load_reg_900                    |  32|   0|   32|          0|
    |sum_2_1_reg_859                            |  32|   0|   32|          0|
    |sum_2_2_reg_864                            |  32|   0|   32|          0|
    |sum_2_3_reg_869                            |  32|   0|   32|          0|
    |sum_2_reg_854                              |  32|   0|   32|          0|
    |sum_reg_824                                |  32|   0|   32|          0|
    |tmp_4_reg_874                              |  32|   0|   32|          0|
    |d_cast_reg_814                             |  64|  32|   64|         60|
    |dense_to_softmax_streams_1_V_read_reg_834  |  64|  32|   32|          0|
    |dense_to_softmax_streams_2_V_read_reg_839  |  64|  32|   32|          0|
    |dense_to_softmax_streams_3_V_read_reg_844  |  64|  32|   32|          0|
    |icmp_ln17_reg_810                          |  64|  32|    1|          0|
    |icmp_ln27_reg_849                          |  64|  32|    1|          0|
    |icmp_ln31_reg_890                          |  64|  32|    1|          0|
    |prediction_addr_1_reg_894                  |  64|  32|    4|          0|
    +-------------------------------------------+----+----+-----+-----------+
    |Total                                      |1081| 256|  796|        120|
    +-------------------------------------------+----+----+-----+-----------+



================================================================
== Interface
================================================================
* Summary: 
+---------------------+-----+-----+------------+------------------+--------------+
|      RTL Ports      | Dir | Bits|  Protocol  |   Source Object  |    C Type    |
+---------------------+-----+-----+------------+------------------+--------------+
|ap_clk               |   in|    1|  ap_ctrl_hs|  dataflow_section|  return value|
|ap_rst               |   in|    1|  ap_ctrl_hs|  dataflow_section|  return value|
|ap_start             |   in|    1|  ap_ctrl_hs|  dataflow_section|  return value|
|ap_done              |  out|    1|  ap_ctrl_hs|  dataflow_section|  return value|
|ap_idle              |  out|    1|  ap_ctrl_hs|  dataflow_section|  return value|
|ap_ready             |  out|    1|  ap_ctrl_hs|  dataflow_section|  return value|
|grp_fu_489_p_din0    |  out|   32|  ap_ctrl_hs|  dataflow_section|  return value|
|grp_fu_489_p_din1    |  out|   32|  ap_ctrl_hs|  dataflow_section|  return value|
|grp_fu_489_p_dout0   |   in|   32|  ap_ctrl_hs|  dataflow_section|  return value|
|grp_fu_489_p_ce      |  out|    1|  ap_ctrl_hs|  dataflow_section|  return value|
|pad_img0_address0    |  out|   11|   ap_memory|          pad_img0|         array|
|pad_img0_ce0         |  out|    1|   ap_memory|          pad_img0|         array|
|pad_img0_q0          |   in|   32|   ap_memory|          pad_img0|         array|
|pad_img0_address1    |  out|   11|   ap_memory|          pad_img0|         array|
|pad_img0_ce1         |  out|    1|   ap_memory|          pad_img0|         array|
|pad_img0_q1          |   in|   32|   ap_memory|          pad_img0|         array|
|pad_img1_address0    |  out|   11|   ap_memory|          pad_img1|         array|
|pad_img1_ce0         |  out|    1|   ap_memory|          pad_img1|         array|
|pad_img1_q0          |   in|   32|   ap_memory|          pad_img1|         array|
|pad_img1_address1    |  out|   11|   ap_memory|          pad_img1|         array|
|pad_img1_ce1         |  out|    1|   ap_memory|          pad_img1|         array|
|pad_img1_q1          |   in|   32|   ap_memory|          pad_img1|         array|
|pad_img2_address0    |  out|   11|   ap_memory|          pad_img2|         array|
|pad_img2_ce0         |  out|    1|   ap_memory|          pad_img2|         array|
|pad_img2_q0          |   in|   32|   ap_memory|          pad_img2|         array|
|pad_img2_address1    |  out|   11|   ap_memory|          pad_img2|         array|
|pad_img2_ce1         |  out|    1|   ap_memory|          pad_img2|         array|
|pad_img2_q1          |   in|   32|   ap_memory|          pad_img2|         array|
|pad_img3_address0    |  out|   11|   ap_memory|          pad_img3|         array|
|pad_img3_ce0         |  out|    1|   ap_memory|          pad_img3|         array|
|pad_img3_q0          |   in|   32|   ap_memory|          pad_img3|         array|
|pad_img3_address1    |  out|   11|   ap_memory|          pad_img3|         array|
|pad_img3_ce1         |  out|    1|   ap_memory|          pad_img3|         array|
|pad_img3_q1          |   in|   32|   ap_memory|          pad_img3|         array|
|prediction_address0  |  out|    4|   ap_memory|        prediction|         array|
|prediction_ce0       |  out|    1|   ap_memory|        prediction|         array|
|prediction_we0       |  out|    1|   ap_memory|        prediction|         array|
|prediction_d0        |  out|   32|   ap_memory|        prediction|         array|
|prediction_address1  |  out|    4|   ap_memory|        prediction|         array|
|prediction_ce1       |  out|    1|   ap_memory|        prediction|         array|
|prediction_q1        |   in|   32|   ap_memory|        prediction|         array|
+---------------------+-----+-----+------------+------------------+--------------+

